<?xml version="1.0" encoding="UTF-8"?>
<coverage generated="1781577250525" clover="3.2.0">
  <project timestamp="1781577250525" name="All files">
    <metrics statements="117" coveredstatements="102" conditionals="65" coveredconditionals="40" methods="38" coveredmethods="30" elements="220" coveredelements="172" complexity="0" loc="117" ncloc="117" packages="4" files="11" classes="11"/>
    <package name="components.common">
      <metrics statements="6" coveredstatements="6" conditionals="4" coveredconditionals="4" methods="2" coveredmethods="2"/>
      <file name="LabelInformation.tsx" path="/home/cristian-martinez/Downloads/PRUEBAS-TECNICAS/prueba-tecnica-react-interrapidisimo/src/components/common/LabelInformation.tsx">
        <metrics statements="3" coveredstatements="3" conditionals="2" coveredconditionals="2" methods="1" coveredmethods="1"/>
        <line num="1" count="1" type="stmt"/>
        <line num="9" count="1" type="stmt"/>
        <line num="10" count="39" type="stmt"/>
      </file>
      <file name="ProcessSnackBar.tsx" path="/home/cristian-martinez/Downloads/PRUEBAS-TECNICAS/prueba-tecnica-react-interrapidisimo/src/components/common/ProcessSnackBar.tsx">
        <metrics statements="3" coveredstatements="3" conditionals="2" coveredconditionals="2" methods="1" coveredmethods="1"/>
        <line num="1" count="1" type="stmt"/>
        <line num="12" count="1" type="stmt"/>
        <line num="20" count="4" type="stmt"/>
      </file>
    </package>
    <package name="components.detailsProduct">
      <metrics statements="23" coveredstatements="21" conditionals="12" coveredconditionals="7" methods="7" coveredmethods="5"/>
      <file name="DetailProductCard.tsx" path="/home/cristian-martinez/Downloads/PRUEBAS-TECNICAS/prueba-tecnica-react-interrapidisimo/src/components/detailsProduct/DetailProductCard.tsx">
        <metrics statements="11" coveredstatements="10" conditionals="10" coveredconditionals="6" methods="4" coveredmethods="3"/>
        <line num="1" count="1" type="stmt"/>
        <line num="14" count="1" type="stmt"/>
        <line num="15" count="1" type="stmt"/>
        <line num="16" count="1" type="stmt"/>
        <line num="17" count="1" type="stmt"/>
        <line num="18" count="1" type="stmt"/>
        <line num="20" count="1" type="stmt"/>
        <line num="25" count="11" type="stmt"/>
        <line num="27" count="3" type="stmt"/>
        <line num="32" count="2" type="cond" truecount="2" falsecount="0"/>
        <line num="84" count="0" type="stmt"/>
      </file>
      <file name="DetailsProduct.tsx" path="/home/cristian-martinez/Downloads/PRUEBAS-TECNICAS/prueba-tecnica-react-interrapidisimo/src/components/detailsProduct/DetailsProduct.tsx">
        <metrics statements="5" coveredstatements="5" conditionals="2" coveredconditionals="1" methods="1" coveredmethods="1"/>
        <line num="1" count="1" type="stmt"/>
        <line num="3" count="1" type="stmt"/>
        <line num="5" count="1" type="stmt"/>
        <line num="7" count="4" type="stmt"/>
        <line num="9" count="2" type="cond" truecount="1" falsecount="1"/>
      </file>
      <file name="ReviewCard.tsx" path="/home/cristian-martinez/Downloads/PRUEBAS-TECNICAS/prueba-tecnica-react-interrapidisimo/src/components/detailsProduct/ReviewCard.tsx">
        <metrics statements="3" coveredstatements="2" conditionals="0" coveredconditionals="0" methods="1" coveredmethods="0"/>
        <line num="1" count="1" type="stmt"/>
        <line num="13" count="1" type="stmt"/>
        <line num="14" count="0" type="stmt"/>
      </file>
      <file name="SpecificationStack.tsx" path="/home/cristian-martinez/Downloads/PRUEBAS-TECNICAS/prueba-tecnica-react-interrapidisimo/src/components/detailsProduct/SpecificationStack.tsx">
        <metrics statements="4" coveredstatements="4" conditionals="0" coveredconditionals="0" methods="1" coveredmethods="1"/>
        <line num="1" count="1" type="stmt"/>
        <line num="2" count="1" type="stmt"/>
        <line num="5" count="1" type="stmt"/>
        <line num="10" count="3" type="stmt"/>
      </file>
    </package>
    <package name="components.shoppingCart">
      <metrics statements="60" coveredstatements="49" conditionals="39" coveredconditionals="23" methods="18" coveredmethods="15"/>
      <file name="ShoppingCart.tsx" path="/home/cristian-martinez/Downloads/PRUEBAS-TECNICAS/prueba-tecnica-react-interrapidisimo/src/components/shoppingCart/ShoppingCart.tsx">
        <metrics statements="16" coveredstatements="15" conditionals="15" coveredconditionals="9" methods="8" coveredmethods="7"/>
        <line num="1" count="1" type="stmt"/>
        <line num="2" count="1" type="stmt"/>
        <line num="3" count="1" type="stmt"/>
        <line num="4" count="1" type="stmt"/>
        <line num="5" count="1" type="stmt"/>
        <line num="6" count="1" type="stmt"/>
        <line num="7" count="1" type="stmt"/>
        <line num="15" count="1" type="stmt"/>
        <line num="20" count="10" type="stmt"/>
        <line num="21" count="10" type="stmt"/>
        <line num="23" count="3" type="stmt"/>
        <line num="48" count="2" type="stmt"/>
        <line num="62" count="2" type="cond" truecount="1" falsecount="1"/>
        <line num="72" count="2" type="cond" truecount="1" falsecount="1"/>
        <line num="82" count="2" type="cond" truecount="1" falsecount="1"/>
        <line num="88" count="0" type="stmt"/>
      </file>
      <file name="ShoppingCartAction.tsx" path="/home/cristian-martinez/Downloads/PRUEBAS-TECNICAS/prueba-tecnica-react-interrapidisimo/src/components/shoppingCart/ShoppingCartAction.tsx">
        <metrics statements="36" coveredstatements="27" conditionals="18" coveredconditionals="11" methods="7" coveredmethods="6"/>
        <line num="1" count="1" type="stmt"/>
        <line num="2" count="1" type="stmt"/>
        <line num="5" count="1" type="stmt"/>
        <line num="6" count="1" type="stmt"/>
        <line num="7" count="1" type="stmt"/>
        <line num="9" count="1" type="stmt"/>
        <line num="14" count="4" type="stmt"/>
        <line num="15" count="4" type="stmt"/>
        <line num="16" count="4" type="stmt"/>
        <line num="17" count="14" type="stmt"/>
        <line num="19" count="4" type="stmt"/>
        <line num="20" count="14" type="stmt"/>
        <line num="21" count="7" type="cond" truecount="1" falsecount="1"/>
        <line num="22" count="7" type="stmt"/>
        <line num="24" count="0" type="stmt"/>
        <line num="28" count="4" type="stmt"/>
        <line num="29" count="1" type="cond" truecount="1" falsecount="1"/>
        <line num="30" count="0" type="stmt"/>
        <line num="31" count="0" type="stmt"/>
        <line num="34" count="1" type="stmt"/>
        <line num="38" count="1" type="stmt"/>
        <line num="39" count="1" type="stmt"/>
        <line num="40" count="1" type="stmt"/>
        <line num="43" count="4" type="stmt"/>
        <line num="45" count="4" type="stmt"/>
        <line num="46" count="2" type="cond" truecount="2" falsecount="0"/>
        <line num="47" count="2" type="cond" truecount="1" falsecount="1"/>
        <line num="48" count="0" type="stmt"/>
        <line num="49" count="0" type="stmt"/>
        <line num="52" count="2" type="cond" truecount="1" falsecount="1"/>
        <line num="53" count="0" type="stmt"/>
        <line num="54" count="0" type="stmt"/>
        <line num="56" count="2" type="stmt"/>
        <line num="59" count="4" type="stmt"/>
        <line num="67" count="0" type="stmt"/>
        <line num="68" count="0" type="stmt"/>
      </file>
      <file name="ShoppingCartItem.tsx" path="/home/cristian-martinez/Downloads/PRUEBAS-TECNICAS/prueba-tecnica-react-interrapidisimo/src/components/shoppingCart/ShoppingCartItem.tsx">
        <metrics statements="8" coveredstatements="7" conditionals="6" coveredconditionals="3" methods="3" coveredmethods="2"/>
        <line num="1" count="1" type="stmt"/>
        <line num="3" count="1" type="stmt"/>
        <line num="4" count="1" type="stmt"/>
        <line num="5" count="1" type="stmt"/>
        <line num="7" count="1" type="stmt"/>
        <line num="8" count="3" type="stmt"/>
        <line num="10" count="1" type="stmt"/>
        <line num="40" count="0" type="stmt"/>
      </file>
    </package>
    <package name="hooks">
      <metrics statements="28" coveredstatements="26" conditionals="10" coveredconditionals="6" methods="11" coveredmethods="8"/>
      <file name="useDetailProduct.tsx" path="/home/cristian-martinez/Downloads/PRUEBAS-TECNICAS/prueba-tecnica-react-interrapidisimo/src/hooks/useDetailProduct.tsx">
        <metrics statements="9" coveredstatements="9" conditionals="2" coveredconditionals="1" methods="2" coveredmethods="2"/>
        <line num="1" count="1" type="stmt"/>
        <line num="2" count="1" type="stmt"/>
        <line num="3" count="1" type="stmt"/>
        <line num="5" count="1" type="stmt"/>
        <line num="6" count="4" type="stmt"/>
        <line num="7" count="4" type="stmt"/>
        <line num="9" count="1" type="stmt"/>
        <line num="13" count="2" type="cond" truecount="1" falsecount="1"/>
        <line num="15" count="2" type="stmt"/>
      </file>
      <file name="useShoppingCartStore.tsx" path="/home/cristian-martinez/Downloads/PRUEBAS-TECNICAS/prueba-tecnica-react-interrapidisimo/src/hooks/useShoppingCartStore.tsx">
        <metrics statements="19" coveredstatements="17" conditionals="8" coveredconditionals="5" methods="9" coveredmethods="6"/>
        <line num="1" count="2" type="stmt"/>
        <line num="3" count="2" type="stmt"/>
        <line num="12" count="2" type="stmt"/>
        <line num="14" count="2" type="stmt"/>
        <line num="18" count="4" type="stmt"/>
        <line num="19" count="4" type="stmt"/>
        <line num="20" count="4" type="stmt"/>
        <line num="21" count="4" type="stmt"/>
        <line num="23" count="4" type="stmt"/>
        <line num="24" count="1" type="stmt"/>
        <line num="26" count="4" type="cond" truecount="2" falsecount="0"/>
        <line num="27" count="1" type="stmt"/>
        <line num="28" count="1" type="stmt"/>
        <line num="30" count="1" type="stmt"/>
        <line num="44" count="3" type="stmt"/>
        <line num="51" count="3" type="stmt"/>
        <line num="55" count="0" type="stmt"/>
        <line num="57" count="0" type="stmt"/>
        <line num="61" count="3" type="stmt"/>
      </file>
    </package>
  </project>
</coverage>
