<?xml version="1.0" encoding="UTF-8"?>
<coverage generated="1781536032267" clover="3.2.0">
  <project timestamp="1781536032268" name="All files">
    <metrics statements="67" coveredstatements="59" conditionals="51" coveredconditionals="32" methods="37" coveredmethods="29" elements="155" coveredelements="120" complexity="0" loc="67" ncloc="67" packages="4" files="10" classes="10"/>
    <package name="components.common">
      <metrics statements="4" coveredstatements="4" conditionals="4" coveredconditionals="4" methods="2" coveredmethods="2"/>
      <file name="LabelInformation.tsx" path="/home/cristian-martinez/Downloads/PRUEBAS-TECNICAS/prueba-tecnica-react-interrapidisimo/src/components/common/LabelInformation.tsx">
        <metrics statements="2" coveredstatements="2" conditionals="2" coveredconditionals="2" methods="1" coveredmethods="1"/>
        <line num="9" count="1" type="stmt"/>
        <line num="10" count="39" type="stmt"/>
      </file>
      <file name="ProcessSnackBar.tsx" path="/home/cristian-martinez/Downloads/PRUEBAS-TECNICAS/prueba-tecnica-react-interrapidisimo/src/components/common/ProcessSnackBar.tsx">
        <metrics statements="2" coveredstatements="2" conditionals="2" coveredconditionals="2" methods="1" coveredmethods="1"/>
        <line num="12" count="1" type="stmt"/>
        <line num="20" count="4" type="stmt"/>
      </file>
    </package>
    <package name="components.detailsProduct">
      <metrics statements="15" coveredstatements="13" conditionals="12" coveredconditionals="7" methods="8" coveredmethods="6"/>
      <file name="DetailProductCard.tsx" path="/home/cristian-martinez/Downloads/PRUEBAS-TECNICAS/prueba-tecnica-react-interrapidisimo/src/components/detailsProduct/DetailProductCard.tsx">
        <metrics statements="5" coveredstatements="4" conditionals="10" coveredconditionals="6" methods="4" coveredmethods="3"/>
        <line num="20" count="1" type="stmt"/>
        <line num="25" count="11" type="stmt"/>
        <line num="27" count="3" type="stmt"/>
        <line num="32" count="2" type="cond" truecount="2" falsecount="0"/>
        <line num="84" count="0" type="stmt"/>
      </file>
      <file name="DetailsProduct.tsx" path="/home/cristian-martinez/Downloads/PRUEBAS-TECNICAS/prueba-tecnica-react-interrapidisimo/src/components/detailsProduct/DetailsProduct.tsx">
        <metrics statements="6" coveredstatements="6" conditionals="2" coveredconditionals="1" methods="2" coveredmethods="2"/>
        <line num="7" count="1" type="stmt"/>
        <line num="8" count="4" type="stmt"/>
        <line num="9" count="4" type="stmt"/>
        <line num="11" count="1" type="stmt"/>
        <line num="15" count="4" type="cond" truecount="1" falsecount="1"/>
        <line num="17" count="4" type="stmt"/>
      </file>
      <file name="ReviewCard.tsx" path="/home/cristian-martinez/Downloads/PRUEBAS-TECNICAS/prueba-tecnica-react-interrapidisimo/src/components/detailsProduct/ReviewCard.tsx">
        <metrics statements="2" coveredstatements="1" conditionals="0" coveredconditionals="0" methods="1" coveredmethods="0"/>
        <line num="13" count="1" type="stmt"/>
        <line num="14" count="0" type="stmt"/>
      </file>
      <file name="SpecificationStack.tsx" path="/home/cristian-martinez/Downloads/PRUEBAS-TECNICAS/prueba-tecnica-react-interrapidisimo/src/components/detailsProduct/SpecificationStack.tsx">
        <metrics statements="2" coveredstatements="2" conditionals="0" coveredconditionals="0" methods="1" coveredmethods="1"/>
        <line num="5" count="1" type="stmt"/>
        <line num="10" count="3" type="stmt"/>
      </file>
    </package>
    <package name="components.shoppingCard">
      <metrics statements="31" coveredstatements="27" conditionals="27" coveredconditionals="16" methods="18" coveredmethods="15"/>
      <file name="ShoppingCart.tsx" path="/home/cristian-martinez/Downloads/PRUEBAS-TECNICAS/prueba-tecnica-react-interrapidisimo/src/components/shoppingCard/ShoppingCart.tsx">
        <metrics statements="9" coveredstatements="8" conditionals="15" coveredconditionals="9" methods="8" coveredmethods="7"/>
        <line num="14" count="1" type="stmt"/>
        <line num="19" count="10" type="stmt"/>
        <line num="20" count="10" type="stmt"/>
        <line num="22" count="3" type="stmt"/>
        <line num="32" count="2" type="stmt"/>
        <line num="41" count="2" type="cond" truecount="1" falsecount="1"/>
        <line num="51" count="2" type="cond" truecount="1" falsecount="1"/>
        <line num="60" count="2" type="cond" truecount="1" falsecount="1"/>
        <line num="65" count="0" type="stmt"/>
      </file>
      <file name="ShoppingCartAction.tsx" path="/home/cristian-martinez/Downloads/PRUEBAS-TECNICAS/prueba-tecnica-react-interrapidisimo/src/components/shoppingCard/ShoppingCartAction.tsx">
        <metrics statements="18" coveredstatements="16" conditionals="6" coveredconditionals="4" methods="7" coveredmethods="6"/>
        <line num="9" count="1" type="stmt"/>
        <line num="14" count="4" type="stmt"/>
        <line num="15" count="4" type="stmt"/>
        <line num="16" count="14" type="stmt"/>
        <line num="18" count="4" type="stmt"/>
        <line num="19" count="14" type="stmt"/>
        <line num="20" count="7" type="cond" truecount="1" falsecount="1"/>
        <line num="21" count="7" type="stmt"/>
        <line num="23" count="0" type="stmt"/>
        <line num="27" count="4" type="stmt"/>
        <line num="28" count="1" type="stmt"/>
        <line num="32" count="1" type="stmt"/>
        <line num="33" count="1" type="stmt"/>
        <line num="34" count="1" type="stmt"/>
        <line num="37" count="4" type="stmt"/>
        <line num="39" count="4" type="stmt"/>
        <line num="43" count="0" type="stmt"/>
        <line num="54" count="2" type="cond" truecount="2" falsecount="0"/>
      </file>
      <file name="ShoppingCartItem.tsx" path="/home/cristian-martinez/Downloads/PRUEBAS-TECNICAS/prueba-tecnica-react-interrapidisimo/src/components/shoppingCard/ShoppingCartItem.tsx">
        <metrics statements="4" coveredstatements="3" conditionals="6" coveredconditionals="3" methods="3" coveredmethods="2"/>
        <line num="7" count="1" type="stmt"/>
        <line num="8" count="3" type="stmt"/>
        <line num="10" count="1" type="stmt"/>
        <line num="40" count="0" type="stmt"/>
      </file>
    </package>
    <package name="hooks">
      <metrics statements="17" coveredstatements="15" conditionals="8" coveredconditionals="5" methods="9" coveredmethods="6"/>
      <file name="useShoppingCartStore.tsx" path="/home/cristian-martinez/Downloads/PRUEBAS-TECNICAS/prueba-tecnica-react-interrapidisimo/src/hooks/useShoppingCartStore.tsx">
        <metrics statements="17" coveredstatements="15" conditionals="8" coveredconditionals="5" methods="9" coveredmethods="6"/>
        <line num="12" count="2" type="stmt"/>
        <line num="14" count="2" type="stmt"/>
        <line num="18" count="4" type="stmt"/>
        <line num="19" count="4" type="stmt"/>
        <line num="20" count="4" type="stmt"/>
        <line num="21" count="4" type="stmt"/>
        <line num="23" count="4" type="stmt"/>
        <line num="24" count="1" type="stmt"/>
        <line num="26" count="4" type="cond" truecount="2" falsecount="0"/>
        <line num="27" count="1" type="stmt"/>
        <line num="28" count="1" type="stmt"/>
        <line num="30" count="1" type="stmt"/>
        <line num="44" count="3" type="stmt"/>
        <line num="51" count="3" type="stmt"/>
        <line num="55" count="0" type="stmt"/>
        <line num="57" count="0" type="stmt"/>
        <line num="61" count="3" type="stmt"/>
      </file>
    </package>
  </project>
</coverage>
