{"/home/cristian-martinez/Downloads/PRUEBAS-TECNICAS/prueba-tecnica-react-interrapidisimo/src/components/common/LabelInformation.tsx": {"path":"/home/cristian-martinez/Downloads/PRUEBAS-TECNICAS/prueba-tecnica-react-interrapidisimo/src/components/common/LabelInformation.tsx","statementMap":{"0":{"start":{"line":1,"column":0},"end":{"line":1,"column":49}},"1":{"start":{"line":9,"column":32},"end":{"line":16,"column":1}},"2":{"start":{"line":10,"column":2},"end":{"line":15,"column":4}},"3":{"start":{"line":9,"column":13},"end":{"line":9,"column":32}}},"fnMap":{"0":{"name":"(anonymous_0)","decl":{"start":{"line":9,"column":32},"end":{"line":9,"column":33}},"loc":{"start":{"line":9,"column":84},"end":{"line":16,"column":1}}}},"branchMap":{"0":{"loc":{"start":{"line":13,"column":31},"end":{"line":13,"column":46}},"type":"binary-expr","locations":[{"start":{"line":13,"column":31},"end":{"line":13,"column":37}},{"start":{"line":13,"column":41},"end":{"line":13,"column":46}}]}},"s":{"0":1,"1":1,"2":39,"3":1},"f":{"0":39},"b":{"0":[39,29]}}
,"/home/cristian-martinez/Downloads/PRUEBAS-TECNICAS/prueba-tecnica-react-interrapidisimo/src/components/common/ProcessSnackBar.tsx": {"path":"/home/cristian-martinez/Downloads/PRUEBAS-TECNICAS/prueba-tecnica-react-interrapidisimo/src/components/common/ProcessSnackBar.tsx","statementMap":{"0":{"start":{"line":1,"column":0},"end":{"line":1,"column":41}},"1":{"start":{"line":12,"column":31},"end":{"line":30,"column":1}},"2":{"start":{"line":20,"column":2},"end":{"line":29,"column":4}},"3":{"start":{"line":12,"column":13},"end":{"line":12,"column":31}}},"fnMap":{"0":{"name":"(anonymous_0)","decl":{"start":{"line":12,"column":31},"end":{"line":12,"column":32}},"loc":{"start":{"line":19,"column":27},"end":{"line":30,"column":1}}}},"branchMap":{"0":{"loc":{"start":{"line":17,"column":2},"end":{"line":17,"column":18}},"type":"default-arg","locations":[{"start":{"line":17,"column":13},"end":{"line":17,"column":18}}]},"1":{"loc":{"start":{"line":18,"column":2},"end":{"line":18,"column":23}},"type":"default-arg","locations":[{"start":{"line":18,"column":15},"end":{"line":18,"column":23}}]}},"s":{"0":1,"1":1,"2":4,"3":1},"f":{"0":4},"b":{"0":[4],"1":[4]}}
,"/home/cristian-martinez/Downloads/PRUEBAS-TECNICAS/prueba-tecnica-react-interrapidisimo/src/components/detailsProduct/DetailProductCard.tsx": {"path":"/home/cristian-martinez/Downloads/PRUEBAS-TECNICAS/prueba-tecnica-react-interrapidisimo/src/components/detailsProduct/DetailProductCard.tsx","statementMap":{"0":{"start":{"line":1,"column":0},"end":{"line":1,"column":null}},"1":{"start":{"line":14,"column":0},"end":{"line":14,"column":62}},"2":{"start":{"line":15,"column":0},"end":{"line":15,"column":42}},"3":{"start":{"line":16,"column":0},"end":{"line":16,"column":72}},"4":{"start":{"line":17,"column":0},"end":{"line":17,"column":58}},"5":{"start":{"line":18,"column":0},"end":{"line":18,"column":72}},"6":{"start":{"line":20,"column":33},"end":{"line":93,"column":1}},"7":{"start":{"line":25,"column":23},"end":{"line":25,"column":74}},"8":{"start":{"line":25,"column":55},"end":{"line":25,"column":73}},"9":{"start":{"line":27,"column":2},"end":{"line":92,"column":4}},"10":{"start":{"line":32,"column":38},"end":{"line":32,"column":68}},"11":{"start":{"line":84,"column":10},"end":{"line":88,"column":12}},"12":{"start":{"line":20,"column":13},"end":{"line":20,"column":33}}},"fnMap":{"0":{"name":"(anonymous_0)","decl":{"start":{"line":20,"column":33},"end":{"line":20,"column":34}},"loc":{"start":{"line":24,"column":5},"end":{"line":93,"column":1}}},"1":{"name":"(anonymous_1)","decl":{"start":{"line":25,"column":44},"end":{"line":25,"column":45}},"loc":{"start":{"line":25,"column":55},"end":{"line":25,"column":73}}},"2":{"name":"(anonymous_2)","decl":{"start":{"line":32,"column":28},"end":{"line":32,"column":29}},"loc":{"start":{"line":32,"column":38},"end":{"line":32,"column":68}}},"3":{"name":"(anonymous_3)","decl":{"start":{"line":83,"column":30},"end":{"line":83,"column":31}},"loc":{"start":{"line":83,"column":46},"end":{"line":89,"column":9}}}},"branchMap":{"0":{"loc":{"start":{"line":32,"column":10},"end":{"line":35,"column":null}},"type":"cond-expr","locations":[{"start":{"line":33,"column":12},"end":{"line":33,"column":57}},{"start":{"line":35,"column":12},"end":{"line":35,"column":14}}]},"1":{"loc":{"start":{"line":54,"column":19},"end":{"line":54,"column":67}},"type":"cond-expr","locations":[{"start":{"line":54,"column":45},"end":{"line":54,"column":55}},{"start":{"line":54,"column":58},"end":{"line":54,"column":67}}]},"2":{"loc":{"start":{"line":54,"column":19},"end":{"line":54,"column":42}},"type":"binary-expr","locations":[{"start":{"line":54,"column":19},"end":{"line":54,"column":33}},{"start":{"line":54,"column":37},"end":{"line":54,"column":42}}]},"3":{"loc":{"start":{"line":55,"column":19},"end":{"line":55,"column":64}},"type":"cond-expr","locations":[{"start":{"line":55,"column":45},"end":{"line":55,"column":54}},{"start":{"line":55,"column":57},"end":{"line":55,"column":64}}]},"4":{"loc":{"start":{"line":55,"column":19},"end":{"line":55,"column":42}},"type":"binary-expr","locations":[{"start":{"line":55,"column":19},"end":{"line":55,"column":33}},{"start":{"line":55,"column":37},"end":{"line":55,"column":42}}]}},"s":{"0":1,"1":1,"2":1,"3":1,"4":1,"5":1,"6":1,"7":3,"8":11,"9":3,"10":2,"11":0,"12":1},"f":{"0":3,"1":11,"2":2,"3":0},"b":{"0":[2,1],"1":[3,0],"2":[3,0],"3":[3,0],"4":[3,0]}}
,"/home/cristian-martinez/Downloads/PRUEBAS-TECNICAS/prueba-tecnica-react-interrapidisimo/src/components/detailsProduct/DetailsProduct.tsx": {"path":"/home/cristian-martinez/Downloads/PRUEBAS-TECNICAS/prueba-tecnica-react-interrapidisimo/src/components/detailsProduct/DetailsProduct.tsx","statementMap":{"0":{"start":{"line":1,"column":0},"end":{"line":1,"column":56}},"1":{"start":{"line":3,"column":0},"end":{"line":3,"column":64}},"2":{"start":{"line":5,"column":29},"end":{"line":12,"column":1}},"3":{"start":{"line":7,"column":22},"end":{"line":7,"column":40}},"4":{"start":{"line":9,"column":2},"end":{"line":11,"column":4}},"5":{"start":{"line":5,"column":13},"end":{"line":5,"column":29}}},"fnMap":{"0":{"name":"(anonymous_0)","decl":{"start":{"line":5,"column":29},"end":{"line":5,"column":32}},"loc":{"start":{"line":5,"column":34},"end":{"line":12,"column":1}}}},"branchMap":{"0":{"loc":{"start":{"line":9,"column":9},"end":{"line":10,"column":null}},"type":"cond-expr","locations":[{"start":{"line":9,"column":33},"end":{"line":9,"column":37}},{"start":{"line":10,"column":4},"end":{"line":10,"column":62}}]}},"s":{"0":1,"1":1,"2":1,"3":4,"4":2,"5":1},"f":{"0":4},"b":{"0":[0,2]}}
,"/home/cristian-martinez/Downloads/PRUEBAS-TECNICAS/prueba-tecnica-react-interrapidisimo/src/components/detailsProduct/ReviewCard.tsx": {"path":"/home/cristian-martinez/Downloads/PRUEBAS-TECNICAS/prueba-tecnica-react-interrapidisimo/src/components/detailsProduct/ReviewCard.tsx","statementMap":{"0":{"start":{"line":1,"column":0},"end":{"line":1,"column":null}},"1":{"start":{"line":13,"column":26},"end":{"line":23,"column":1}},"2":{"start":{"line":14,"column":2},"end":{"line":22,"column":4}},"3":{"start":{"line":13,"column":13},"end":{"line":13,"column":26}}},"fnMap":{"0":{"name":"(anonymous_0)","decl":{"start":{"line":13,"column":26},"end":{"line":13,"column":27}},"loc":{"start":{"line":13,"column":58},"end":{"line":23,"column":1}}}},"branchMap":{},"s":{"0":1,"1":1,"2":0,"3":1},"f":{"0":0},"b":{}}
,"/home/cristian-martinez/Downloads/PRUEBAS-TECNICAS/prueba-tecnica-react-interrapidisimo/src/components/detailsProduct/SpecificationStack.tsx": {"path":"/home/cristian-martinez/Downloads/PRUEBAS-TECNICAS/prueba-tecnica-react-interrapidisimo/src/components/detailsProduct/SpecificationStack.tsx","statementMap":{"0":{"start":{"line":1,"column":0},"end":{"line":1,"column":56}},"1":{"start":{"line":2,"column":0},"end":{"line":2,"column":62}},"2":{"start":{"line":5,"column":34},"end":{"line":27,"column":1}},"3":{"start":{"line":10,"column":2},"end":{"line":26,"column":4}},"4":{"start":{"line":5,"column":13},"end":{"line":5,"column":34}}},"fnMap":{"0":{"name":"(anonymous_0)","decl":{"start":{"line":5,"column":34},"end":{"line":5,"column":35}},"loc":{"start":{"line":9,"column":5},"end":{"line":27,"column":1}}}},"branchMap":{},"s":{"0":1,"1":1,"2":1,"3":3,"4":1},"f":{"0":3},"b":{}}
,"/home/cristian-martinez/Downloads/PRUEBAS-TECNICAS/prueba-tecnica-react-interrapidisimo/src/components/shoppingCart/ShoppingCart.tsx": {"path":"/home/cristian-martinez/Downloads/PRUEBAS-TECNICAS/prueba-tecnica-react-interrapidisimo/src/components/shoppingCart/ShoppingCart.tsx","statementMap":{"0":{"start":{"line":1,"column":0},"end":{"line":1,"column":54}},"1":{"start":{"line":2,"column":0},"end":{"line":2,"column":26}},"2":{"start":{"line":3,"column":0},"end":{"line":3,"column":72}},"3":{"start":{"line":4,"column":0},"end":{"line":4,"column":54}},"4":{"start":{"line":5,"column":0},"end":{"line":5,"column":62}},"5":{"start":{"line":6,"column":0},"end":{"line":6,"column":67}},"6":{"start":{"line":7,"column":0},"end":{"line":7,"column":58}},"7":{"start":{"line":15,"column":28},"end":{"line":95,"column":1}},"8":{"start":{"line":20,"column":23},"end":{"line":20,"column":74}},"9":{"start":{"line":20,"column":55},"end":{"line":20,"column":73}},"10":{"start":{"line":21,"column":16},"end":{"line":21,"column":64}},"11":{"start":{"line":21,"column":48},"end":{"line":21,"column":63}},"12":{"start":{"line":23,"column":2},"end":{"line":94,"column":4}},"13":{"start":{"line":48,"column":12},"end":{"line":48,"column":74}},"14":{"start":{"line":62,"column":39},"end":{"line":62,"column":65}},"15":{"start":{"line":72,"column":39},"end":{"line":72,"column":60}},"16":{"start":{"line":82,"column":39},"end":{"line":82,"column":62}},"17":{"start":{"line":88,"column":47},"end":{"line":88,"column":54}},"18":{"start":{"line":15,"column":13},"end":{"line":15,"column":28}}},"fnMap":{"0":{"name":"(anonymous_1)","decl":{"start":{"line":15,"column":28},"end":{"line":15,"column":29}},"loc":{"start":{"line":19,"column":19},"end":{"line":95,"column":1}}},"1":{"name":"(anonymous_2)","decl":{"start":{"line":20,"column":44},"end":{"line":20,"column":45}},"loc":{"start":{"line":20,"column":55},"end":{"line":20,"column":73}}},"2":{"name":"(anonymous_3)","decl":{"start":{"line":21,"column":37},"end":{"line":21,"column":38}},"loc":{"start":{"line":21,"column":48},"end":{"line":21,"column":63}}},"3":{"name":"(anonymous_4)","decl":{"start":{"line":47,"column":27},"end":{"line":47,"column":28}},"loc":{"start":{"line":47,"column":36},"end":{"line":49,"column":11}}},"4":{"name":"(anonymous_5)","decl":{"start":{"line":62,"column":24},"end":{"line":62,"column":25}},"loc":{"start":{"line":62,"column":39},"end":{"line":62,"column":65}}},"5":{"name":"(anonymous_6)","decl":{"start":{"line":72,"column":24},"end":{"line":72,"column":25}},"loc":{"start":{"line":72,"column":39},"end":{"line":72,"column":60}}},"6":{"name":"(anonymous_7)","decl":{"start":{"line":82,"column":24},"end":{"line":82,"column":25}},"loc":{"start":{"line":82,"column":39},"end":{"line":82,"column":62}}},"7":{"name":"(anonymous_8)","decl":{"start":{"line":88,"column":41},"end":{"line":88,"column":44}},"loc":{"start":{"line":88,"column":47},"end":{"line":88,"column":54}}}},"branchMap":{"0":{"loc":{"start":{"line":18,"column":2},"end":{"line":18,"column":18}},"type":"default-arg","locations":[{"start":{"line":18,"column":11},"end":{"line":18,"column":18}}]},"1":{"loc":{"start":{"line":46,"column":9},"end":{"line":49,"column":12}},"type":"binary-expr","locations":[{"start":{"line":46,"column":9},"end":{"line":46,"column":32}},{"start":{"line":47,"column":10},"end":{"line":49,"column":12}}]},"2":{"loc":{"start":{"line":61,"column":14},"end":{"line":64,"column":34}},"type":"binary-expr","locations":[{"start":{"line":61,"column":14},"end":{"line":64,"column":27}},{"start":{"line":64,"column":31},"end":{"line":64,"column":34}}]},"3":{"loc":{"start":{"line":62,"column":46},"end":{"line":62,"column":64}},"type":"binary-expr","locations":[{"start":{"line":62,"column":46},"end":{"line":62,"column":59}},{"start":{"line":62,"column":63},"end":{"line":62,"column":64}}]},"4":{"loc":{"start":{"line":71,"column":14},"end":{"line":74,"column":34}},"type":"binary-expr","locations":[{"start":{"line":71,"column":14},"end":{"line":74,"column":27}},{"start":{"line":74,"column":31},"end":{"line":74,"column":34}}]},"5":{"loc":{"start":{"line":72,"column":46},"end":{"line":72,"column":59}},"type":"binary-expr","locations":[{"start":{"line":72,"column":46},"end":{"line":72,"column":54}},{"start":{"line":72,"column":58},"end":{"line":72,"column":59}}]},"6":{"loc":{"start":{"line":81,"column":14},"end":{"line":84,"column":34}},"type":"binary-expr","locations":[{"start":{"line":81,"column":14},"end":{"line":84,"column":27}},{"start":{"line":84,"column":31},"end":{"line":84,"column":34}}]},"7":{"loc":{"start":{"line":82,"column":46},"end":{"line":82,"column":61}},"type":"binary-expr","locations":[{"start":{"line":82,"column":46},"end":{"line":82,"column":56}},{"start":{"line":82,"column":60},"end":{"line":82,"column":61}}]}},"s":{"0":1,"1":1,"2":1,"3":1,"4":1,"5":1,"6":1,"7":1,"8":3,"9":10,"10":3,"11":10,"12":3,"13":2,"14":2,"15":2,"16":2,"17":0,"18":1},"f":{"0":3,"1":10,"2":10,"3":2,"4":2,"5":2,"6":2,"7":0},"b":{"0":[3],"1":[3,2],"2":[3,0],"3":[2,0],"4":[3,0],"5":[2,0],"6":[3,0],"7":[2,0]}}
,"/home/cristian-martinez/Downloads/PRUEBAS-TECNICAS/prueba-tecnica-react-interrapidisimo/src/components/shoppingCart/ShoppingCartAction.tsx": {"path":"/home/cristian-martinez/Downloads/PRUEBAS-TECNICAS/prueba-tecnica-react-interrapidisimo/src/components/shoppingCart/ShoppingCartAction.tsx","statementMap":{"0":{"start":{"line":1,"column":0},"end":{"line":1,"column":57}},"1":{"start":{"line":2,"column":0},"end":{"line":2,"column":33}},"2":{"start":{"line":5,"column":0},"end":{"line":5,"column":62}},"3":{"start":{"line":6,"column":0},"end":{"line":6,"column":72}},"4":{"start":{"line":7,"column":0},"end":{"line":7,"column":60}},"5":{"start":{"line":9,"column":34},"end":{"line":97,"column":1}},"6":{"start":{"line":14,"column":30},"end":{"line":14,"column":41}},"7":{"start":{"line":15,"column":26},"end":{"line":15,"column":41}},"8":{"start":{"line":16,"column":28},"end":{"line":16,"column":43}},"9":{"start":{"line":17,"column":20},"end":{"line":17,"column":68}},"10":{"start":{"line":17,"column":52},"end":{"line":17,"column":67}},"11":{"start":{"line":19,"column":20},"end":{"line":26,"column":4}},"12":{"start":{"line":20,"column":4},"end":{"line":25,"column":10}},"13":{"start":{"line":21,"column":6},"end":{"line":23,"column":7}},"14":{"start":{"line":22,"column":8},"end":{"line":22,"column":33}},"15":{"start":{"line":24,"column":6},"end":{"line":24,"column":17}},"16":{"start":{"line":28,"column":20},"end":{"line":41,"column":3}},"17":{"start":{"line":29,"column":4},"end":{"line":32,"column":5}},"18":{"start":{"line":30,"column":6},"end":{"line":30,"column":21}},"19":{"start":{"line":31,"column":6},"end":{"line":31,"column":13}},"20":{"start":{"line":34,"column":46},"end":{"line":37,"column":6}},"21":{"start":{"line":38,"column":4},"end":{"line":38,"column":35}},"22":{"start":{"line":39,"column":4},"end":{"line":39,"column":17}},"23":{"start":{"line":40,"column":4},"end":{"line":40,"column":18}},"24":{"start":{"line":43,"column":26},"end":{"line":43,"column":51}},"25":{"start":{"line":45,"column":25},"end":{"line":57,"column":3}},"26":{"start":{"line":46,"column":18},"end":{"line":46,"column":71}},"27":{"start":{"line":47,"column":4},"end":{"line":50,"column":5}},"28":{"start":{"line":48,"column":6},"end":{"line":48,"column":33}},"29":{"start":{"line":49,"column":6},"end":{"line":49,"column":13}},"30":{"start":{"line":52,"column":4},"end":{"line":55,"column":5}},"31":{"start":{"line":53,"column":6},"end":{"line":53,"column":19}},"32":{"start":{"line":54,"column":6},"end":{"line":54,"column":13}},"33":{"start":{"line":56,"column":4},"end":{"line":56,"column":21}},"34":{"start":{"line":59,"column":2},"end":{"line":96,"column":4}},"35":{"start":{"line":67,"column":10},"end":{"line":67,"column":25}},"36":{"start":{"line":68,"column":10},"end":{"line":68,"column":26}},"37":{"start":{"line":9,"column":13},"end":{"line":9,"column":34}}},"fnMap":{"0":{"name":"(anonymous_0)","decl":{"start":{"line":9,"column":34},"end":{"line":9,"column":35}},"loc":{"start":{"line":13,"column":5},"end":{"line":97,"column":1}}},"1":{"name":"(anonymous_1)","decl":{"start":{"line":17,"column":41},"end":{"line":17,"column":42}},"loc":{"start":{"line":17,"column":52},"end":{"line":17,"column":67}}},"2":{"name":"(anonymous_2)","decl":{"start":{"line":19,"column":41},"end":{"line":19,"column":42}},"loc":{"start":{"line":19,"column":51},"end":{"line":26,"column":3}}},"3":{"name":"(anonymous_3)","decl":{"start":{"line":20,"column":37},"end":{"line":20,"column":38}},"loc":{"start":{"line":20,"column":51},"end":{"line":25,"column":5}}},"4":{"name":"(anonymous_4)","decl":{"start":{"line":28,"column":20},"end":{"line":28,"column":23}},"loc":{"start":{"line":28,"column":25},"end":{"line":41,"column":3}}},"5":{"name":"(anonymous_5)","decl":{"start":{"line":45,"column":25},"end":{"line":45,"column":26}},"loc":{"start":{"line":45,"column":72},"end":{"line":57,"column":3}}},"6":{"name":"(anonymous_6)","decl":{"start":{"line":66,"column":21},"end":{"line":66,"column":24}},"loc":{"start":{"line":66,"column":26},"end":{"line":69,"column":9}}}},"branchMap":{"0":{"loc":{"start":{"line":21,"column":6},"end":{"line":23,"column":7}},"type":"if","locations":[{"start":{"line":21,"column":6},"end":{"line":23,"column":7}},{"start":{},"end":{}}]},"1":{"loc":{"start":{"line":29,"column":4},"end":{"line":32,"column":5}},"type":"if","locations":[{"start":{"line":29,"column":4},"end":{"line":32,"column":5}},{"start":{},"end":{}}]},"2":{"loc":{"start":{"line":36,"column":14},"end":{"line":36,"column":25}},"type":"binary-expr","locations":[{"start":{"line":36,"column":14},"end":{"line":36,"column":20}},{"start":{"line":36,"column":24},"end":{"line":36,"column":25}}]},"3":{"loc":{"start":{"line":46,"column":18},"end":{"line":46,"column":71}},"type":"cond-expr","locations":[{"start":{"line":46,"column":39},"end":{"line":46,"column":67}},{"start":{"line":46,"column":70},"end":{"line":46,"column":71}}]},"4":{"loc":{"start":{"line":47,"column":4},"end":{"line":50,"column":5}},"type":"if","locations":[{"start":{"line":47,"column":4},"end":{"line":50,"column":5}},{"start":{},"end":{}}]},"5":{"loc":{"start":{"line":52,"column":4},"end":{"line":55,"column":5}},"type":"if","locations":[{"start":{"line":52,"column":4},"end":{"line":55,"column":5}},{"start":{},"end":{}}]},"6":{"loc":{"start":{"line":65,"column":14},"end":{"line":65,"column":27}},"type":"binary-expr","locations":[{"start":{"line":65,"column":14},"end":{"line":65,"column":19}},{"start":{"line":65,"column":23},"end":{"line":65,"column":27}}]},"7":{"loc":{"start":{"line":71,"column":10},"end":{"line":71,"column":78}},"type":"cond-expr","locations":[{"start":{"line":71,"column":18},"end":{"line":71,"column":46}},{"start":{"line":71,"column":49},"end":{"line":71,"column":78}}]},"8":{"loc":{"start":{"line":88,"column":15},"end":{"line":88,"column":69}},"type":"binary-expr","locations":[{"start":{"line":88,"column":15},"end":{"line":88,"column":62}},{"start":{"line":88,"column":66},"end":{"line":88,"column":69}}]}},"s":{"0":1,"1":1,"2":1,"3":1,"4":1,"5":1,"6":4,"7":4,"8":4,"9":4,"10":14,"11":4,"12":14,"13":7,"14":7,"15":0,"16":4,"17":1,"18":0,"19":0,"20":1,"21":1,"22":1,"23":1,"24":4,"25":4,"26":2,"27":2,"28":0,"29":0,"30":2,"31":0,"32":0,"33":2,"34":4,"35":0,"36":0,"37":1},"f":{"0":4,"1":14,"2":14,"3":7,"4":1,"5":2,"6":0},"b":{"0":[7,0],"1":[0,1],"2":[1,0],"3":[1,1],"4":[0,2],"5":[0,2],"6":[4,4],"7":[0,4],"8":[4,0]}}
,"/home/cristian-martinez/Downloads/PRUEBAS-TECNICAS/prueba-tecnica-react-interrapidisimo/src/components/shoppingCart/ShoppingCartItem.tsx": {"path":"/home/cristian-martinez/Downloads/PRUEBAS-TECNICAS/prueba-tecnica-react-interrapidisimo/src/components/shoppingCart/ShoppingCartItem.tsx","statementMap":{"0":{"start":{"line":1,"column":0},"end":{"line":1,"column":77}},"1":{"start":{"line":3,"column":0},"end":{"line":3,"column":62}},"2":{"start":{"line":4,"column":0},"end":{"line":4,"column":72}},"3":{"start":{"line":5,"column":0},"end":{"line":5,"column":67}},"4":{"start":{"line":7,"column":32},"end":{"line":49,"column":1}},"5":{"start":{"line":8,"column":17},"end":{"line":8,"column":70}},"6":{"start":{"line":8,"column":49},"end":{"line":8,"column":69}},"7":{"start":{"line":10,"column":2},"end":{"line":48,"column":4}},"8":{"start":{"line":40,"column":27},"end":{"line":40,"column":50}},"9":{"start":{"line":7,"column":13},"end":{"line":7,"column":32}}},"fnMap":{"0":{"name":"(anonymous_1)","decl":{"start":{"line":7,"column":32},"end":{"line":7,"column":33}},"loc":{"start":{"line":7,"column":69},"end":{"line":49,"column":1}}},"1":{"name":"(anonymous_2)","decl":{"start":{"line":8,"column":38},"end":{"line":8,"column":39}},"loc":{"start":{"line":8,"column":49},"end":{"line":8,"column":69}}},"2":{"name":"(anonymous_3)","decl":{"start":{"line":40,"column":21},"end":{"line":40,"column":24}},"loc":{"start":{"line":40,"column":27},"end":{"line":40,"column":50}}}},"branchMap":{"0":{"loc":{"start":{"line":25,"column":19},"end":{"line":25,"column":63}},"type":"binary-expr","locations":[{"start":{"line":25,"column":19},"end":{"line":25,"column":56}},{"start":{"line":25,"column":60},"end":{"line":25,"column":63}}]},"1":{"loc":{"start":{"line":30,"column":19},"end":{"line":30,"column":58}},"type":"binary-expr","locations":[{"start":{"line":30,"column":19},"end":{"line":30,"column":51}},{"start":{"line":30,"column":55},"end":{"line":30,"column":58}}]},"2":{"loc":{"start":{"line":35,"column":19},"end":{"line":35,"column":60}},"type":"binary-expr","locations":[{"start":{"line":35,"column":19},"end":{"line":35,"column":53}},{"start":{"line":35,"column":57},"end":{"line":35,"column":60}}]}},"s":{"0":1,"1":1,"2":1,"3":1,"4":1,"5":1,"6":3,"7":1,"8":0,"9":1},"f":{"0":1,"1":3,"2":0},"b":{"0":[1,0],"1":[1,0],"2":[1,0]}}
,"/home/cristian-martinez/Downloads/PRUEBAS-TECNICAS/prueba-tecnica-react-interrapidisimo/src/hooks/useDetailProduct.tsx": {"path":"/home/cristian-martinez/Downloads/PRUEBAS-TECNICAS/prueba-tecnica-react-interrapidisimo/src/hooks/useDetailProduct.tsx","statementMap":{"0":{"start":{"line":1,"column":0},"end":{"line":1,"column":57}},"1":{"start":{"line":2,"column":0},"end":{"line":2,"column":45}},"2":{"start":{"line":3,"column":0},"end":{"line":3,"column":60}},"3":{"start":{"line":5,"column":32},"end":{"line":16,"column":1}},"4":{"start":{"line":6,"column":18},"end":{"line":6,"column":45}},"5":{"start":{"line":7,"column":21},"end":{"line":11,"column":6}},"6":{"start":{"line":9,"column":21},"end":{"line":9,"column":39}},"7":{"start":{"line":13,"column":20},"end":{"line":13,"column":59}},"8":{"start":{"line":15,"column":2},"end":{"line":15,"column":21}},"9":{"start":{"line":5,"column":13},"end":{"line":5,"column":32}}},"fnMap":{"0":{"name":"(anonymous_0)","decl":{"start":{"line":5,"column":32},"end":{"line":5,"column":35}},"loc":{"start":{"line":5,"column":37},"end":{"line":16,"column":1}}},"1":{"name":"(anonymous_1)","decl":{"start":{"line":9,"column":15},"end":{"line":9,"column":18}},"loc":{"start":{"line":9,"column":21},"end":{"line":9,"column":39}}}},"branchMap":{"0":{"loc":{"start":{"line":13,"column":20},"end":{"line":13,"column":59}},"type":"cond-expr","locations":[{"start":{"line":13,"column":33},"end":{"line":13,"column":37}},{"start":{"line":13,"column":40},"end":{"line":13,"column":59}}]}},"s":{"0":1,"1":1,"2":1,"3":1,"4":4,"5":4,"6":1,"7":2,"8":2,"9":1},"f":{"0":4,"1":1},"b":{"0":[0,2]}}
,"/home/cristian-martinez/Downloads/PRUEBAS-TECNICAS/prueba-tecnica-react-interrapidisimo/src/hooks/useShoppingCartStore.tsx": {"path":"/home/cristian-martinez/Downloads/PRUEBAS-TECNICAS/prueba-tecnica-react-interrapidisimo/src/hooks/useShoppingCartStore.tsx","statementMap":{"0":{"start":{"line":1,"column":0},"end":{"line":1,"column":33}},"1":{"start":{"line":3,"column":0},"end":{"line":3,"column":45}},"2":{"start":{"line":12,"column":13},"end":{"line":67,"column":2}},"3":{"start":{"line":14,"column":14},"end":{"line":62,"column":6}},"4":{"start":{"line":18,"column":8},"end":{"line":52,"column":10}},"5":{"start":{"line":19,"column":38},"end":{"line":19,"column":50}},"6":{"start":{"line":20,"column":27},"end":{"line":20,"column":49}},"7":{"start":{"line":21,"column":22},"end":{"line":21,"column":58}},"8":{"start":{"line":23,"column":25},"end":{"line":24,"column":null}},"9":{"start":{"line":24,"column":22},"end":{"line":24,"column":65}},"10":{"start":{"line":26,"column":10},"end":{"line":42,"column":11}},"11":{"start":{"line":27,"column":36},"end":{"line":28,"column":null}},"12":{"start":{"line":28,"column":24},"end":{"line":28,"column":61}},"13":{"start":{"line":30,"column":12},"end":{"line":41,"column":14}},"14":{"start":{"line":44,"column":34},"end":{"line":49,"column":12}},"15":{"start":{"line":51,"column":10},"end":{"line":51,"column":76}},"16":{"start":{"line":55,"column":8},"end":{"line":59,"column":11}},"17":{"start":{"line":55,"column":24},"end":{"line":59,"column":10}},"18":{"start":{"line":57,"column":22},"end":{"line":57,"column":51}},"19":{"start":{"line":61,"column":23},"end":{"line":61,"column":48}}},"fnMap":{"0":{"name":"(anonymous_0)","decl":{"start":{"line":14,"column":4},"end":{"line":14,"column":5}},"loc":{"start":{"line":14,"column":14},"end":{"line":62,"column":6}}},"1":{"name":"(anonymous_1)","decl":{"start":{"line":17,"column":17},"end":{"line":17,"column":18}},"loc":{"start":{"line":18,"column":8},"end":{"line":52,"column":10}}},"2":{"name":"(anonymous_2)","decl":{"start":{"line":18,"column":12},"end":{"line":18,"column":13}},"loc":{"start":{"line":18,"column":22},"end":{"line":52,"column":9}}},"3":{"name":"(anonymous_3)","decl":{"start":{"line":24,"column":12},"end":{"line":24,"column":13}},"loc":{"start":{"line":24,"column":22},"end":{"line":24,"column":65}}},"4":{"name":"(anonymous_4)","decl":{"start":{"line":28,"column":14},"end":{"line":28,"column":15}},"loc":{"start":{"line":28,"column":24},"end":{"line":28,"column":61}}},"5":{"name":"(anonymous_5)","decl":{"start":{"line":54,"column":22},"end":{"line":54,"column":23}},"loc":{"start":{"line":55,"column":8},"end":{"line":59,"column":11}}},"6":{"name":"(anonymous_6)","decl":{"start":{"line":55,"column":12},"end":{"line":55,"column":13}},"loc":{"start":{"line":55,"column":24},"end":{"line":59,"column":10}}},"7":{"name":"(anonymous_7)","decl":{"start":{"line":57,"column":12},"end":{"line":57,"column":13}},"loc":{"start":{"line":57,"column":22},"end":{"line":57,"column":51}}},"8":{"name":"(anonymous_8)","decl":{"start":{"line":61,"column":17},"end":{"line":61,"column":20}},"loc":{"start":{"line":61,"column":23},"end":{"line":61,"column":48}}}},"branchMap":{"0":{"loc":{"start":{"line":26,"column":10},"end":{"line":42,"column":11}},"type":"if","locations":[{"start":{"line":26,"column":10},"end":{"line":42,"column":11}},{"start":{},"end":{}}]},"1":{"loc":{"start":{"line":36,"column":29},"end":{"line":36,"column":49}},"type":"binary-expr","locations":[{"start":{"line":36,"column":29},"end":{"line":36,"column":44}},{"start":{"line":36,"column":48},"end":{"line":36,"column":49}}]},"2":{"loc":{"start":{"line":37,"column":24},"end":{"line":37,"column":39}},"type":"binary-expr","locations":[{"start":{"line":37,"column":24},"end":{"line":37,"column":34}},{"start":{"line":37,"column":38},"end":{"line":37,"column":39}}]},"3":{"loc":{"start":{"line":38,"column":26},"end":{"line":38,"column":43}},"type":"binary-expr","locations":[{"start":{"line":38,"column":26},"end":{"line":38,"column":38}},{"start":{"line":38,"column":42},"end":{"line":38,"column":43}}]}},"s":{"0":2,"1":2,"2":2,"3":2,"4":4,"5":4,"6":4,"7":4,"8":4,"9":1,"10":4,"11":1,"12":1,"13":1,"14":3,"15":3,"16":0,"17":0,"18":0,"19":3},"f":{"0":2,"1":4,"2":4,"3":1,"4":1,"5":0,"6":0,"7":0,"8":3},"b":{"0":[1,3],"1":[1,0],"2":[1,0],"3":[1,0]}}
}
