{"/home/cristian-martinez/Downloads/PRUEBAS-TECNICAS/prueba-tecnica-react-interrapidisimo/src/components/common/LabelInformation.tsx": {"path":"/home/cristian-martinez/Downloads/PRUEBAS-TECNICAS/prueba-tecnica-react-interrapidisimo/src/components/common/LabelInformation.tsx","statementMap":{"0":{"start":{"line":9,"column":13},"end":{"line":16,"column":null}},"1":{"start":{"line":10,"column":2},"end":{"line":14,"column":null}}},"fnMap":{"0":{"name":"(anonymous_0)","decl":{"start":{"line":9,"column":13},"end":{"line":9,"column":33}},"loc":{"start":{"line":9,"column":85},"end":{"line":16,"column":null}},"line":9}},"branchMap":{"0":{"loc":{"start":{"line":13,"column":31},"end":{"line":13,"column":49}},"type":"binary-expr","locations":[{"start":{"line":13,"column":31},"end":{"line":13,"column":41}},{"start":{"line":13,"column":41},"end":{"line":13,"column":49}}],"line":13}},"s":{"0":1,"1":39},"f":{"0":39},"b":{"0":[39,33]},"meta":{"lastBranch":1,"lastFunction":1,"lastStatement":2,"seen":{"s:9:13:16:Infinity":0,"f:9:13:9:33":0,"s:10:2:14:Infinity":1,"b:13:31:13:41:13:41:13:49":0},"fnNames":{}}}
,"/home/cristian-martinez/Downloads/PRUEBAS-TECNICAS/prueba-tecnica-react-interrapidisimo/src/components/common/ProcessSnackBar.tsx": {"path":"/home/cristian-martinez/Downloads/PRUEBAS-TECNICAS/prueba-tecnica-react-interrapidisimo/src/components/common/ProcessSnackBar.tsx","statementMap":{"0":{"start":{"line":12,"column":13},"end":{"line":30,"column":null}},"1":{"start":{"line":20,"column":2},"end":{"line":28,"column":null}}},"fnMap":{"0":{"name":"(anonymous_0)","decl":{"start":{"line":12,"column":13},"end":{"line":12,"column":32}},"loc":{"start":{"line":19,"column":28},"end":{"line":30,"column":null}},"line":19}},"branchMap":{"0":{"loc":{"start":{"line":17,"column":2},"end":{"line":17,"column":null}},"type":"default-arg","locations":[{"start":{"line":17,"column":13},"end":{"line":17,"column":null}}],"line":17},"1":{"loc":{"start":{"line":18,"column":2},"end":{"line":18,"column":null}},"type":"default-arg","locations":[{"start":{"line":18,"column":15},"end":{"line":18,"column":null}}],"line":18}},"s":{"0":1,"1":4},"f":{"0":4},"b":{"0":[4],"1":[4]},"meta":{"lastBranch":2,"lastFunction":1,"lastStatement":2,"seen":{"s:12:13:30:Infinity":0,"f:12:13:12:32":0,"b:17:13:17:Infinity":0,"b:18:15:18:Infinity":1,"s:20:2:28:Infinity":1},"fnNames":{}}}
,"/home/cristian-martinez/Downloads/PRUEBAS-TECNICAS/prueba-tecnica-react-interrapidisimo/src/components/detailsProduct/DetailProductCard.tsx": {"path":"/home/cristian-martinez/Downloads/PRUEBAS-TECNICAS/prueba-tecnica-react-interrapidisimo/src/components/detailsProduct/DetailProductCard.tsx","statementMap":{"0":{"start":{"line":20,"column":13},"end":{"line":93,"column":null}},"1":{"start":{"line":25,"column":8},"end":{"line":25,"column":null}},"2":{"start":{"line":25,"column":55},"end":{"line":25,"column":73}},"3":{"start":{"line":27,"column":2},"end":{"line":91,"column":null}},"4":{"start":{"line":32,"column":38},"end":{"line":32,"column":68}},"5":{"start":{"line":84,"column":10},"end":{"line":87,"column":null}}},"fnMap":{"0":{"name":"(anonymous_0)","decl":{"start":{"line":20,"column":13},"end":{"line":20,"column":34}},"loc":{"start":{"line":24,"column":6},"end":{"line":93,"column":null}},"line":24},"1":{"name":"(anonymous_1)","decl":{"start":{"line":25,"column":23},"end":{"line":25,"column":45}},"loc":{"start":{"line":25,"column":55},"end":{"line":25,"column":73}},"line":25},"2":{"name":"(anonymous_2)","decl":{"start":{"line":32,"column":23},"end":{"line":32,"column":29}},"loc":{"start":{"line":32,"column":38},"end":{"line":32,"column":68}},"line":32},"3":{"name":"(anonymous_3)","decl":{"start":{"line":83,"column":26},"end":{"line":83,"column":31}},"loc":{"start":{"line":83,"column":47},"end":{"line":89,"column":9}},"line":83}},"branchMap":{"0":{"loc":{"start":{"line":32,"column":10},"end":{"line":35,"column":null}},"type":"cond-expr","locations":[{"start":{"line":33,"column":12},"end":{"line":35,"column":null}},{"start":{"line":35,"column":12},"end":{"line":35,"column":null}}],"line":32},"1":{"loc":{"start":{"line":54,"column":19},"end":{"line":54,"column":null}},"type":"cond-expr","locations":[{"start":{"line":54,"column":45},"end":{"line":54,"column":58}},{"start":{"line":54,"column":58},"end":{"line":54,"column":null}}],"line":54},"2":{"loc":{"start":{"line":54,"column":19},"end":{"line":54,"column":45}},"type":"binary-expr","locations":[{"start":{"line":54,"column":19},"end":{"line":54,"column":37}},{"start":{"line":54,"column":37},"end":{"line":54,"column":45}}],"line":54},"3":{"loc":{"start":{"line":55,"column":19},"end":{"line":55,"column":null}},"type":"cond-expr","locations":[{"start":{"line":55,"column":45},"end":{"line":55,"column":57}},{"start":{"line":55,"column":57},"end":{"line":55,"column":null}}],"line":55},"4":{"loc":{"start":{"line":55,"column":19},"end":{"line":55,"column":45}},"type":"binary-expr","locations":[{"start":{"line":55,"column":19},"end":{"line":55,"column":37}},{"start":{"line":55,"column":37},"end":{"line":55,"column":45}}],"line":55}},"s":{"0":1,"1":3,"2":11,"3":3,"4":2,"5":0},"f":{"0":3,"1":11,"2":2,"3":0},"b":{"0":[2,1],"1":[3,0],"2":[3,0],"3":[3,0],"4":[3,0]},"meta":{"lastBranch":5,"lastFunction":4,"lastStatement":6,"seen":{"s:20:13:93:Infinity":0,"f:20:13:20:34":0,"s:25:8:25:Infinity":1,"f:25:23:25:45":1,"s:25:55:25:73":2,"s:27:2:91:Infinity":3,"b:33:12:35:Infinity:35:12:35:Infinity":0,"f:32:23:32:29":2,"s:32:38:32:68":4,"b:54:45:54:58:54:58:54:Infinity":1,"b:54:19:54:37:54:37:54:45":2,"b:55:45:55:57:55:57:55:Infinity":3,"b:55:19:55:37:55:37:55:45":4,"f:83:26:83:31":3,"s:84:10:87:Infinity":5},"fnNames":{}}}
,"/home/cristian-martinez/Downloads/PRUEBAS-TECNICAS/prueba-tecnica-react-interrapidisimo/src/components/detailsProduct/DetailsProduct.tsx": {"path":"/home/cristian-martinez/Downloads/PRUEBAS-TECNICAS/prueba-tecnica-react-interrapidisimo/src/components/detailsProduct/DetailsProduct.tsx","statementMap":{"0":{"start":{"line":7,"column":13},"end":{"line":18,"column":null}},"1":{"start":{"line":8,"column":10},"end":{"line":8,"column":null}},"2":{"start":{"line":9,"column":10},"end":{"line":13,"column":null}},"3":{"start":{"line":11,"column":4},"end":{"line":11,"column":null}},"4":{"start":{"line":15,"column":18},"end":{"line":15,"column":null}},"5":{"start":{"line":17,"column":2},"end":{"line":17,"column":null}}},"fnMap":{"0":{"name":"(anonymous_0)","decl":{"start":{"line":7,"column":13},"end":{"line":7,"column":35}},"loc":{"start":{"line":7,"column":35},"end":{"line":18,"column":null}},"line":7},"1":{"name":"(anonymous_1)","decl":{"start":{"line":11,"column":4},"end":{"line":11,"column":19}},"loc":{"start":{"line":11,"column":4},"end":{"line":11,"column":null}},"line":11}},"branchMap":{"0":{"loc":{"start":{"line":15,"column":18},"end":{"line":15,"column":null}},"type":"cond-expr","locations":[{"start":{"line":15,"column":31},"end":{"line":15,"column":38}},{"start":{"line":15,"column":38},"end":{"line":15,"column":null}}],"line":15}},"s":{"0":1,"1":4,"2":4,"3":1,"4":4,"5":4},"f":{"0":4,"1":1},"b":{"0":[0,2]},"meta":{"lastBranch":1,"lastFunction":2,"lastStatement":6,"seen":{"s:7:13:18:Infinity":0,"f:7:13:7:35":0,"s:8:10:8:Infinity":1,"s:9:10:13:Infinity":2,"f:11:4:11:19":1,"s:11:4:11:Infinity":3,"s:15:18:15:Infinity":4,"b:15:31:15:38:15:38:15:Infinity":0,"s:17:2:17:Infinity":5},"fnNames":{}}}
,"/home/cristian-martinez/Downloads/PRUEBAS-TECNICAS/prueba-tecnica-react-interrapidisimo/src/components/detailsProduct/ReviewCard.tsx": {"path":"/home/cristian-martinez/Downloads/PRUEBAS-TECNICAS/prueba-tecnica-react-interrapidisimo/src/components/detailsProduct/ReviewCard.tsx","statementMap":{"0":{"start":{"line":13,"column":13},"end":{"line":23,"column":null}},"1":{"start":{"line":14,"column":2},"end":{"line":21,"column":null}}},"fnMap":{"0":{"name":"(anonymous_0)","decl":{"start":{"line":13,"column":13},"end":{"line":13,"column":27}},"loc":{"start":{"line":13,"column":59},"end":{"line":23,"column":null}},"line":13}},"branchMap":{},"s":{"0":1,"1":0},"f":{"0":0},"b":{},"meta":{"lastBranch":0,"lastFunction":1,"lastStatement":2,"seen":{"s:13:13:23:Infinity":0,"f:13:13:13:27":0,"s:14:2:21:Infinity":1},"fnNames":{}}}
,"/home/cristian-martinez/Downloads/PRUEBAS-TECNICAS/prueba-tecnica-react-interrapidisimo/src/components/detailsProduct/SpecificationStack.tsx": {"path":"/home/cristian-martinez/Downloads/PRUEBAS-TECNICAS/prueba-tecnica-react-interrapidisimo/src/components/detailsProduct/SpecificationStack.tsx","statementMap":{"0":{"start":{"line":5,"column":13},"end":{"line":24,"column":null}},"1":{"start":{"line":10,"column":2},"end":{"line":22,"column":null}}},"fnMap":{"0":{"name":"(anonymous_0)","decl":{"start":{"line":5,"column":13},"end":{"line":5,"column":35}},"loc":{"start":{"line":9,"column":6},"end":{"line":24,"column":null}},"line":9}},"branchMap":{},"s":{"0":1,"1":3},"f":{"0":3},"b":{},"meta":{"lastBranch":0,"lastFunction":1,"lastStatement":2,"seen":{"s:5:13:24:Infinity":0,"f:5:13:5:35":0,"s:10:2:22:Infinity":1},"fnNames":{}}}
,"/home/cristian-martinez/Downloads/PRUEBAS-TECNICAS/prueba-tecnica-react-interrapidisimo/src/components/shoppingCard/ShoppingCart.tsx": {"path":"/home/cristian-martinez/Downloads/PRUEBAS-TECNICAS/prueba-tecnica-react-interrapidisimo/src/components/shoppingCard/ShoppingCart.tsx","statementMap":{"0":{"start":{"line":14,"column":13},"end":{"line":72,"column":null}},"1":{"start":{"line":19,"column":8},"end":{"line":19,"column":null}},"2":{"start":{"line":19,"column":55},"end":{"line":19,"column":73}},"3":{"start":{"line":20,"column":8},"end":{"line":20,"column":null}},"4":{"start":{"line":20,"column":48},"end":{"line":20,"column":63}},"5":{"start":{"line":22,"column":2},"end":{"line":70,"column":null}},"6":{"start":{"line":32,"column":12},"end":{"line":32,"column":null}},"7":{"start":{"line":41,"column":39},"end":{"line":41,"column":67}},"8":{"start":{"line":51,"column":39},"end":{"line":51,"column":62}},"9":{"start":{"line":60,"column":39},"end":{"line":60,"column":64}},"10":{"start":{"line":65,"column":47},"end":{"line":65,"column":56}}},"fnMap":{"0":{"name":"(anonymous_0)","decl":{"start":{"line":14,"column":13},"end":{"line":14,"column":29}},"loc":{"start":{"line":18,"column":20},"end":{"line":72,"column":null}},"line":18},"1":{"name":"(anonymous_1)","decl":{"start":{"line":19,"column":23},"end":{"line":19,"column":45}},"loc":{"start":{"line":19,"column":55},"end":{"line":19,"column":73}},"line":19},"2":{"name":"(anonymous_2)","decl":{"start":{"line":20,"column":16},"end":{"line":20,"column":38}},"loc":{"start":{"line":20,"column":48},"end":{"line":20,"column":63}},"line":20},"3":{"name":"(anonymous_3)","decl":{"start":{"line":31,"column":23},"end":{"line":31,"column":28}},"loc":{"start":{"line":31,"column":37},"end":{"line":33,"column":11}},"line":31},"4":{"name":"(anonymous_4)","decl":{"start":{"line":41,"column":17},"end":{"line":41,"column":25}},"loc":{"start":{"line":41,"column":39},"end":{"line":41,"column":67}},"line":41},"5":{"name":"(anonymous_5)","decl":{"start":{"line":51,"column":17},"end":{"line":51,"column":25}},"loc":{"start":{"line":51,"column":39},"end":{"line":51,"column":62}},"line":51},"6":{"name":"(anonymous_6)","decl":{"start":{"line":60,"column":17},"end":{"line":60,"column":25}},"loc":{"start":{"line":60,"column":39},"end":{"line":60,"column":64}},"line":60},"7":{"name":"(anonymous_7)","decl":{"start":{"line":65,"column":32},"end":{"line":65,"column":47}},"loc":{"start":{"line":65,"column":47},"end":{"line":65,"column":56}},"line":65}},"branchMap":{"0":{"loc":{"start":{"line":17,"column":2},"end":{"line":17,"column":null}},"type":"default-arg","locations":[{"start":{"line":17,"column":11},"end":{"line":17,"column":null}}],"line":17},"1":{"loc":{"start":{"line":30,"column":9},"end":{"line":33,"column":null}},"type":"binary-expr","locations":[{"start":{"line":30,"column":9},"end":{"line":30,"column":null}},{"start":{"line":31,"column":10},"end":{"line":33,"column":null}}],"line":30},"2":{"loc":{"start":{"line":40,"column":14},"end":{"line":43,"column":null}},"type":"binary-expr","locations":[{"start":{"line":40,"column":14},"end":{"line":43,"column":31}},{"start":{"line":43,"column":31},"end":{"line":43,"column":null}}],"line":40},"3":{"loc":{"start":{"line":41,"column":46},"end":{"line":41,"column":67}},"type":"binary-expr","locations":[{"start":{"line":41,"column":46},"end":{"line":41,"column":63}},{"start":{"line":41,"column":63},"end":{"line":41,"column":67}}],"line":41},"4":{"loc":{"start":{"line":50,"column":14},"end":{"line":52,"column":null}},"type":"binary-expr","locations":[{"start":{"line":50,"column":14},"end":{"line":52,"column":31}},{"start":{"line":52,"column":31},"end":{"line":52,"column":null}}],"line":50},"5":{"loc":{"start":{"line":51,"column":46},"end":{"line":51,"column":62}},"type":"binary-expr","locations":[{"start":{"line":51,"column":46},"end":{"line":51,"column":58}},{"start":{"line":51,"column":58},"end":{"line":51,"column":62}}],"line":51},"6":{"loc":{"start":{"line":59,"column":14},"end":{"line":61,"column":null}},"type":"binary-expr","locations":[{"start":{"line":59,"column":14},"end":{"line":61,"column":31}},{"start":{"line":61,"column":31},"end":{"line":61,"column":null}}],"line":59},"7":{"loc":{"start":{"line":60,"column":46},"end":{"line":60,"column":64}},"type":"binary-expr","locations":[{"start":{"line":60,"column":46},"end":{"line":60,"column":60}},{"start":{"line":60,"column":60},"end":{"line":60,"column":64}}],"line":60}},"s":{"0":1,"1":3,"2":10,"3":3,"4":10,"5":3,"6":2,"7":2,"8":2,"9":2,"10":0},"f":{"0":3,"1":10,"2":10,"3":2,"4":2,"5":2,"6":2,"7":0},"b":{"0":[3],"1":[3,2],"2":[3,0],"3":[2,0],"4":[3,0],"5":[2,0],"6":[3,0],"7":[2,0]},"meta":{"lastBranch":8,"lastFunction":8,"lastStatement":11,"seen":{"s:14:13:72:Infinity":0,"f:14:13:14:29":0,"b:17:11:17:Infinity":0,"s:19:8:19:Infinity":1,"f:19:23:19:45":1,"s:19:55:19:73":2,"s:20:8:20:Infinity":3,"f:20:16:20:38":2,"s:20:48:20:63":4,"s:22:2:70:Infinity":5,"b:30:9:30:Infinity:31:10:33:Infinity":1,"f:31:23:31:28":3,"s:32:12:32:Infinity":6,"b:40:14:43:31:43:31:43:Infinity":2,"f:41:17:41:25":4,"s:41:39:41:67":7,"b:41:46:41:63:41:63:41:67":3,"b:50:14:52:31:52:31:52:Infinity":4,"f:51:17:51:25":5,"s:51:39:51:62":8,"b:51:46:51:58:51:58:51:62":5,"b:59:14:61:31:61:31:61:Infinity":6,"f:60:17:60:25":6,"s:60:39:60:64":9,"b:60:46:60:60:60:60:60:64":7,"f:65:32:65:47":7,"s:65:47:65:56":10},"fnNames":{}}}
,"/home/cristian-martinez/Downloads/PRUEBAS-TECNICAS/prueba-tecnica-react-interrapidisimo/src/components/shoppingCard/ShoppingCartAction.tsx": {"path":"/home/cristian-martinez/Downloads/PRUEBAS-TECNICAS/prueba-tecnica-react-interrapidisimo/src/components/shoppingCard/ShoppingCartAction.tsx","statementMap":{"0":{"start":{"line":9,"column":13},"end":{"line":69,"column":null}},"1":{"start":{"line":14,"column":17},"end":{"line":14,"column":null}},"2":{"start":{"line":15,"column":15},"end":{"line":15,"column":null}},"3":{"start":{"line":16,"column":8},"end":{"line":16,"column":null}},"4":{"start":{"line":16,"column":52},"end":{"line":16,"column":67}},"5":{"start":{"line":18,"column":8},"end":{"line":25,"column":null}},"6":{"start":{"line":19,"column":4},"end":{"line":24,"column":null}},"7":{"start":{"line":20,"column":6},"end":{"line":22,"column":null}},"8":{"start":{"line":21,"column":8},"end":{"line":21,"column":null}},"9":{"start":{"line":23,"column":6},"end":{"line":23,"column":null}},"10":{"start":{"line":27,"column":8},"end":{"line":35,"column":null}},"11":{"start":{"line":28,"column":46},"end":{"line":31,"column":null}},"12":{"start":{"line":32,"column":4},"end":{"line":32,"column":null}},"13":{"start":{"line":33,"column":4},"end":{"line":33,"column":null}},"14":{"start":{"line":34,"column":4},"end":{"line":34,"column":null}},"15":{"start":{"line":37,"column":26},"end":{"line":37,"column":null}},"16":{"start":{"line":39,"column":2},"end":{"line":67,"column":null}},"17":{"start":{"line":43,"column":27},"end":{"line":43,"column":null}},"18":{"start":{"line":54,"column":10},"end":{"line":54,"column":null}}},"fnMap":{"0":{"name":"(anonymous_0)","decl":{"start":{"line":9,"column":13},"end":{"line":9,"column":35}},"loc":{"start":{"line":13,"column":6},"end":{"line":69,"column":null}},"line":13},"1":{"name":"(anonymous_1)","decl":{"start":{"line":16,"column":20},"end":{"line":16,"column":42}},"loc":{"start":{"line":16,"column":52},"end":{"line":16,"column":67}},"line":16},"2":{"name":"(anonymous_2)","decl":{"start":{"line":18,"column":20},"end":{"line":18,"column":42}},"loc":{"start":{"line":18,"column":52},"end":{"line":25,"column":3}},"line":18},"3":{"name":"(anonymous_3)","decl":{"start":{"line":19,"column":30},"end":{"line":19,"column":38}},"loc":{"start":{"line":19,"column":52},"end":{"line":24,"column":7}},"line":19},"4":{"name":"(anonymous_4)","decl":{"start":{"line":27,"column":8},"end":{"line":27,"column":26}},"loc":{"start":{"line":27,"column":26},"end":{"line":35,"column":null}},"line":27},"5":{"name":"(anonymous_5)","decl":{"start":{"line":43,"column":8},"end":{"line":43,"column":27}},"loc":{"start":{"line":43,"column":27},"end":{"line":43,"column":null}},"line":43},"6":{"name":"(anonymous_6)","decl":{"start":{"line":53,"column":8},"end":{"line":53,"column":19}},"loc":{"start":{"line":54,"column":10},"end":{"line":54,"column":null}},"line":54}},"branchMap":{"0":{"loc":{"start":{"line":20,"column":6},"end":{"line":22,"column":null}},"type":"if","locations":[{"start":{"line":20,"column":6},"end":{"line":22,"column":null}},{"start":{},"end":{}}],"line":20},"1":{"loc":{"start":{"line":30,"column":14},"end":{"line":30,"column":null}},"type":"binary-expr","locations":[{"start":{"line":30,"column":14},"end":{"line":30,"column":24}},{"start":{"line":30,"column":24},"end":{"line":30,"column":null}}],"line":30},"2":{"loc":{"start":{"line":54,"column":20},"end":{"line":54,"column":73}},"type":"cond-expr","locations":[{"start":{"line":54,"column":41},"end":{"line":54,"column":72}},{"start":{"line":54,"column":72},"end":{"line":54,"column":73}}],"line":54}},"s":{"0":1,"1":4,"2":4,"3":4,"4":14,"5":4,"6":14,"7":7,"8":7,"9":0,"10":4,"11":1,"12":1,"13":1,"14":1,"15":4,"16":4,"17":0,"18":2},"f":{"0":4,"1":14,"2":14,"3":7,"4":1,"5":0,"6":2},"b":{"0":[7,0],"1":[1,0],"2":[1,1]},"meta":{"lastBranch":3,"lastFunction":7,"lastStatement":19,"seen":{"s:9:13:69:Infinity":0,"f:9:13:9:35":0,"s:14:17:14:Infinity":1,"s:15:15:15:Infinity":2,"s:16:8:16:Infinity":3,"f:16:20:16:42":1,"s:16:52:16:67":4,"s:18:8:25:Infinity":5,"f:18:20:18:42":2,"s:19:4:24:Infinity":6,"f:19:30:19:38":3,"b:20:6:22:Infinity:undefined:undefined:undefined:undefined":0,"s:20:6:22:Infinity":7,"s:21:8:21:Infinity":8,"s:23:6:23:Infinity":9,"s:27:8:35:Infinity":10,"f:27:8:27:26":4,"s:28:46:31:Infinity":11,"b:30:14:30:24:30:24:30:Infinity":1,"s:32:4:32:Infinity":12,"s:33:4:33:Infinity":13,"s:34:4:34:Infinity":14,"s:37:26:37:Infinity":15,"s:39:2:67:Infinity":16,"f:43:8:43:27":5,"s:43:27:43:Infinity":17,"f:53:8:53:19":6,"s:54:10:54:Infinity":18,"b:54:41:54:72:54:72:54:73":2},"fnNames":{}}}
,"/home/cristian-martinez/Downloads/PRUEBAS-TECNICAS/prueba-tecnica-react-interrapidisimo/src/components/shoppingCard/ShoppingCartItem.tsx": {"path":"/home/cristian-martinez/Downloads/PRUEBAS-TECNICAS/prueba-tecnica-react-interrapidisimo/src/components/shoppingCard/ShoppingCartItem.tsx","statementMap":{"0":{"start":{"line":7,"column":13},"end":{"line":49,"column":null}},"1":{"start":{"line":8,"column":8},"end":{"line":8,"column":null}},"2":{"start":{"line":8,"column":49},"end":{"line":8,"column":69}},"3":{"start":{"line":10,"column":2},"end":{"line":47,"column":null}},"4":{"start":{"line":40,"column":27},"end":{"line":40,"column":null}}},"fnMap":{"0":{"name":"(anonymous_0)","decl":{"start":{"line":7,"column":13},"end":{"line":7,"column":33}},"loc":{"start":{"line":7,"column":70},"end":{"line":49,"column":null}},"line":7},"1":{"name":"(anonymous_1)","decl":{"start":{"line":8,"column":17},"end":{"line":8,"column":39}},"loc":{"start":{"line":8,"column":49},"end":{"line":8,"column":69}},"line":8},"2":{"name":"(anonymous_2)","decl":{"start":{"line":40,"column":12},"end":{"line":40,"column":27}},"loc":{"start":{"line":40,"column":27},"end":{"line":40,"column":null}},"line":40}},"branchMap":{"0":{"loc":{"start":{"line":25,"column":19},"end":{"line":25,"column":null}},"type":"binary-expr","locations":[{"start":{"line":25,"column":19},"end":{"line":25,"column":49}},{"start":{"line":25,"column":49},"end":{"line":25,"column":null}}],"line":25},"1":{"loc":{"start":{"line":30,"column":19},"end":{"line":30,"column":null}},"type":"binary-expr","locations":[{"start":{"line":30,"column":19},"end":{"line":30,"column":44}},{"start":{"line":30,"column":44},"end":{"line":30,"column":null}}],"line":30},"2":{"loc":{"start":{"line":35,"column":19},"end":{"line":35,"column":null}},"type":"binary-expr","locations":[{"start":{"line":35,"column":19},"end":{"line":35,"column":46}},{"start":{"line":35,"column":46},"end":{"line":35,"column":null}}],"line":35}},"s":{"0":1,"1":1,"2":3,"3":1,"4":0},"f":{"0":1,"1":3,"2":0},"b":{"0":[1,0],"1":[1,0],"2":[1,0]},"meta":{"lastBranch":3,"lastFunction":3,"lastStatement":5,"seen":{"s:7:13:49:Infinity":0,"f:7:13:7:33":0,"s:8:8:8:Infinity":1,"f:8:17:8:39":1,"s:8:49:8:69":2,"s:10:2:47:Infinity":3,"b:25:19:25:49:25:49:25:Infinity":0,"b:30:19:30:44:30:44:30:Infinity":1,"b:35:19:35:46:35:46:35:Infinity":2,"f:40:12:40:27":2,"s:40:27:40:Infinity":4},"fnNames":{}}}
,"/home/cristian-martinez/Downloads/PRUEBAS-TECNICAS/prueba-tecnica-react-interrapidisimo/src/hooks/useShoppingCartStore.tsx": {"path":"/home/cristian-martinez/Downloads/PRUEBAS-TECNICAS/prueba-tecnica-react-interrapidisimo/src/hooks/useShoppingCartStore.tsx","statementMap":{"0":{"start":{"line":12,"column":13},"end":{"line":67,"column":null}},"1":{"start":{"line":14,"column":14},"end":{"line":62,"column":null}},"2":{"start":{"line":18,"column":8},"end":{"line":52,"column":null}},"3":{"start":{"line":19,"column":38},"end":{"line":19,"column":null}},"4":{"start":{"line":20,"column":27},"end":{"line":20,"column":null}},"5":{"start":{"line":21,"column":22},"end":{"line":21,"column":null}},"6":{"start":{"line":23,"column":25},"end":{"line":25,"column":null}},"7":{"start":{"line":24,"column":22},"end":{"line":24,"column":null}},"8":{"start":{"line":26,"column":10},"end":{"line":42,"column":null}},"9":{"start":{"line":27,"column":36},"end":{"line":29,"column":null}},"10":{"start":{"line":28,"column":24},"end":{"line":28,"column":null}},"11":{"start":{"line":30,"column":12},"end":{"line":41,"column":null}},"12":{"start":{"line":44,"column":34},"end":{"line":49,"column":null}},"13":{"start":{"line":51,"column":10},"end":{"line":51,"column":null}},"14":{"start":{"line":55,"column":8},"end":{"line":59,"column":null}},"15":{"start":{"line":55,"column":24},"end":{"line":59,"column":10}},"16":{"start":{"line":57,"column":22},"end":{"line":57,"column":null}},"17":{"start":{"line":61,"column":23},"end":{"line":61,"column":null}}},"fnMap":{"0":{"name":"(anonymous_0)","decl":{"start":{"line":13,"column":2},"end":{"line":13,"column":null}},"loc":{"start":{"line":14,"column":14},"end":{"line":62,"column":null}},"line":14},"1":{"name":"(anonymous_1)","decl":{"start":{"line":17,"column":6},"end":{"line":17,"column":18}},"loc":{"start":{"line":18,"column":8},"end":{"line":52,"column":null}},"line":18},"2":{"name":"(anonymous_2)","decl":{"start":{"line":18,"column":8},"end":{"line":18,"column":13}},"loc":{"start":{"line":18,"column":23},"end":{"line":52,"column":9}},"line":18},"3":{"name":"(anonymous_3)","decl":{"start":{"line":23,"column":44},"end":{"line":23,"column":null}},"loc":{"start":{"line":24,"column":22},"end":{"line":24,"column":null}},"line":24},"4":{"name":"(anonymous_4)","decl":{"start":{"line":27,"column":55},"end":{"line":27,"column":null}},"loc":{"start":{"line":28,"column":24},"end":{"line":28,"column":null}},"line":28},"5":{"name":"(anonymous_5)","decl":{"start":{"line":54,"column":6},"end":{"line":54,"column":23}},"loc":{"start":{"line":55,"column":8},"end":{"line":59,"column":null}},"line":55},"6":{"name":"(anonymous_6)","decl":{"start":{"line":55,"column":8},"end":{"line":55,"column":13}},"loc":{"start":{"line":55,"column":24},"end":{"line":59,"column":10}},"line":55},"7":{"name":"(anonymous_7)","decl":{"start":{"line":56,"column":43},"end":{"line":56,"column":null}},"loc":{"start":{"line":57,"column":22},"end":{"line":57,"column":null}},"line":57},"8":{"name":"(anonymous_8)","decl":{"start":{"line":61,"column":6},"end":{"line":61,"column":23}},"loc":{"start":{"line":61,"column":23},"end":{"line":61,"column":null}},"line":61}},"branchMap":{"0":{"loc":{"start":{"line":26,"column":10},"end":{"line":42,"column":null}},"type":"if","locations":[{"start":{"line":26,"column":10},"end":{"line":42,"column":null}},{"start":{},"end":{}}],"line":26},"1":{"loc":{"start":{"line":36,"column":29},"end":{"line":36,"column":53}},"type":"binary-expr","locations":[{"start":{"line":36,"column":29},"end":{"line":36,"column":48}},{"start":{"line":36,"column":48},"end":{"line":36,"column":53}}],"line":36},"2":{"loc":{"start":{"line":37,"column":24},"end":{"line":37,"column":43}},"type":"binary-expr","locations":[{"start":{"line":37,"column":24},"end":{"line":37,"column":38}},{"start":{"line":37,"column":38},"end":{"line":37,"column":43}}],"line":37},"3":{"loc":{"start":{"line":38,"column":26},"end":{"line":38,"column":47}},"type":"binary-expr","locations":[{"start":{"line":38,"column":26},"end":{"line":38,"column":42}},{"start":{"line":38,"column":42},"end":{"line":38,"column":47}}],"line":38}},"s":{"0":2,"1":2,"2":4,"3":4,"4":4,"5":4,"6":4,"7":1,"8":4,"9":1,"10":1,"11":1,"12":3,"13":3,"14":0,"15":0,"16":0,"17":3},"f":{"0":2,"1":4,"2":4,"3":1,"4":1,"5":0,"6":0,"7":0,"8":3},"b":{"0":[1,3],"1":[1,0],"2":[1,0],"3":[1,0]},"meta":{"lastBranch":4,"lastFunction":9,"lastStatement":18,"seen":{"s:12:13:67:Infinity":0,"f:13:2:13:Infinity":0,"s:14:14:62:Infinity":1,"f:17:6:17:18":1,"s:18:8:52:Infinity":2,"f:18:8:18:13":2,"s:19:38:19:Infinity":3,"s:20:27:20:Infinity":4,"s:21:22:21:Infinity":5,"s:23:25:25:Infinity":6,"f:23:44:23:Infinity":3,"s:24:22:24:Infinity":7,"b:26:10:42:Infinity:undefined:undefined:undefined:undefined":0,"s:26:10:42:Infinity":8,"s:27:36:29:Infinity":9,"f:27:55:27:Infinity":4,"s:28:24:28:Infinity":10,"s:30:12:41:Infinity":11,"b:36:29:36:48:36:48:36:53":1,"b:37:24:37:38:37:38:37:43":2,"b:38:26:38:42:38:42:38:47":3,"s:44:34:49:Infinity":12,"s:51:10:51:Infinity":13,"f:54:6:54:23":5,"s:55:8:59:Infinity":14,"f:55:8:55:13":6,"s:55:24:59:10":15,"f:56:43:56:Infinity":7,"s:57:22:57:Infinity":16,"f:61:6:61:23":8,"s:61:23:61:Infinity":17},"fnNames":{}}}
}
