TN:
SF:src/components/common/LabelInformation.tsx
FN:9,(anonymous_0)
FNF:1
FNH:1
FNDA:39,(anonymous_0)
DA:1,1
DA:9,1
DA:10,39
LF:3
LH:3
BRDA:13,0,0,39
BRDA:13,0,1,29
BRF:2
BRH:2
end_of_record
TN:
SF:src/components/common/ProcessSnackBar.tsx
FN:12,(anonymous_0)
FNF:1
FNH:1
FNDA:4,(anonymous_0)
DA:1,1
DA:12,1
DA:20,4
LF:3
LH:3
BRDA:17,0,0,4
BRDA:18,1,0,4
BRF:2
BRH:2
end_of_record
TN:
SF:src/components/detailsProduct/DetailProductCard.tsx
FN:20,(anonymous_0)
FN:25,(anonymous_1)
FN:32,(anonymous_2)
FN:83,(anonymous_3)
FNF:4
FNH:3
FNDA:3,(anonymous_0)
FNDA:11,(anonymous_1)
FNDA:2,(anonymous_2)
FNDA:0,(anonymous_3)
DA:1,1
DA:14,1
DA:15,1
DA:16,1
DA:17,1
DA:18,1
DA:20,1
DA:25,11
DA:27,3
DA:32,2
DA:84,0
LF:11
LH:10
BRDA:32,0,0,2
BRDA:32,0,1,1
BRDA:54,1,0,3
BRDA:54,1,1,0
BRDA:54,2,0,3
BRDA:54,2,1,0
BRDA:55,3,0,3
BRDA:55,3,1,0
BRDA:55,4,0,3
BRDA:55,4,1,0
BRF:10
BRH:6
end_of_record
TN:
SF:src/components/detailsProduct/DetailsProduct.tsx
FN:5,(anonymous_0)
FNF:1
FNH:1
FNDA:4,(anonymous_0)
DA:1,1
DA:3,1
DA:5,1
DA:7,4
DA:9,2
LF:5
LH:5
BRDA:9,0,0,0
BRDA:9,0,1,2
BRF:2
BRH:1
end_of_record
TN:
SF:src/components/detailsProduct/ReviewCard.tsx
FN:13,(anonymous_0)
FNF:1
FNH:0
FNDA:0,(anonymous_0)
DA:1,1
DA:13,1
DA:14,0
LF:3
LH:2
BRF:0
BRH:0
end_of_record
TN:
SF:src/components/detailsProduct/SpecificationStack.tsx
FN:5,(anonymous_0)
FNF:1
FNH:1
FNDA:3,(anonymous_0)
DA:1,1
DA:2,1
DA:5,1
DA:10,3
LF:4
LH:4
BRF:0
BRH:0
end_of_record
TN:
SF:src/components/shoppingCart/ShoppingCart.tsx
FN:15,(anonymous_1)
FN:20,(anonymous_2)
FN:21,(anonymous_3)
FN:47,(anonymous_4)
FN:62,(anonymous_5)
FN:72,(anonymous_6)
FN:82,(anonymous_7)
FN:88,(anonymous_8)
FNF:8
FNH:7
FNDA:3,(anonymous_1)
FNDA:10,(anonymous_2)
FNDA:10,(anonymous_3)
FNDA:2,(anonymous_4)
FNDA:2,(anonymous_5)
FNDA:2,(anonymous_6)
FNDA:2,(anonymous_7)
FNDA:0,(anonymous_8)
DA:1,1
DA:2,1
DA:3,1
DA:4,1
DA:5,1
DA:6,1
DA:7,1
DA:15,1
DA:20,10
DA:21,10
DA:23,3
DA:48,2
DA:62,2
DA:72,2
DA:82,2
DA:88,0
LF:16
LH:15
BRDA:18,0,0,3
BRDA:46,1,0,3
BRDA:46,1,1,2
BRDA:61,2,0,3
BRDA:61,2,1,0
BRDA:62,3,0,2
BRDA:62,3,1,0
BRDA:71,4,0,3
BRDA:71,4,1,0
BRDA:72,5,0,2
BRDA:72,5,1,0
BRDA:81,6,0,3
BRDA:81,6,1,0
BRDA:82,7,0,2
BRDA:82,7,1,0
BRF:15
BRH:9
end_of_record
TN:
SF:src/components/shoppingCart/ShoppingCartAction.tsx
FN:9,(anonymous_0)
FN:17,(anonymous_1)
FN:19,(anonymous_2)
FN:20,(anonymous_3)
FN:28,(anonymous_4)
FN:45,(anonymous_5)
FN:66,(anonymous_6)
FNF:7
FNH:6
FNDA:4,(anonymous_0)
FNDA:14,(anonymous_1)
FNDA:14,(anonymous_2)
FNDA:7,(anonymous_3)
FNDA:1,(anonymous_4)
FNDA:2,(anonymous_5)
FNDA:0,(anonymous_6)
DA:1,1
DA:2,1
DA:5,1
DA:6,1
DA:7,1
DA:9,1
DA:14,4
DA:15,4
DA:16,4
DA:17,14
DA:19,4
DA:20,14
DA:21,7
DA:22,7
DA:24,0
DA:28,4
DA:29,1
DA:30,0
DA:31,0
DA:34,1
DA:38,1
DA:39,1
DA:40,1
DA:43,4
DA:45,4
DA:46,2
DA:47,2
DA:48,0
DA:49,0
DA:52,2
DA:53,0
DA:54,0
DA:56,2
DA:59,4
DA:67,0
DA:68,0
LF:36
LH:27
BRDA:21,0,0,7
BRDA:21,0,1,0
BRDA:29,1,0,0
BRDA:29,1,1,1
BRDA:36,2,0,1
BRDA:36,2,1,0
BRDA:46,3,0,1
BRDA:46,3,1,1
BRDA:47,4,0,0
BRDA:47,4,1,2
BRDA:52,5,0,0
BRDA:52,5,1,2
BRDA:65,6,0,4
BRDA:65,6,1,4
BRDA:71,7,0,0
BRDA:71,7,1,4
BRDA:88,8,0,4
BRDA:88,8,1,0
BRF:18
BRH:11
end_of_record
TN:
SF:src/components/shoppingCart/ShoppingCartItem.tsx
FN:7,(anonymous_1)
FN:8,(anonymous_2)
FN:40,(anonymous_3)
FNF:3
FNH:2
FNDA:1,(anonymous_1)
FNDA:3,(anonymous_2)
FNDA:0,(anonymous_3)
DA:1,1
DA:3,1
DA:4,1
DA:5,1
DA:7,1
DA:8,3
DA:10,1
DA:40,0
LF:8
LH:7
BRDA:25,0,0,1
BRDA:25,0,1,0
BRDA:30,1,0,1
BRDA:30,1,1,0
BRDA:35,2,0,1
BRDA:35,2,1,0
BRF:6
BRH:3
end_of_record
TN:
SF:src/hooks/useDetailProduct.tsx
FN:5,(anonymous_0)
FN:9,(anonymous_1)
FNF:2
FNH:2
FNDA:4,(anonymous_0)
FNDA:1,(anonymous_1)
DA:1,1
DA:2,1
DA:3,1
DA:5,1
DA:6,4
DA:7,4
DA:9,1
DA:13,2
DA:15,2
LF:9
LH:9
BRDA:13,0,0,0
BRDA:13,0,1,2
BRF:2
BRH:1
end_of_record
TN:
SF:src/hooks/useShoppingCartStore.tsx
FN:14,(anonymous_0)
FN:17,(anonymous_1)
FN:18,(anonymous_2)
FN:24,(anonymous_3)
FN:28,(anonymous_4)
FN:54,(anonymous_5)
FN:55,(anonymous_6)
FN:57,(anonymous_7)
FN:61,(anonymous_8)
FNF:9
FNH:6
FNDA:2,(anonymous_0)
FNDA:4,(anonymous_1)
FNDA:4,(anonymous_2)
FNDA:1,(anonymous_3)
FNDA:1,(anonymous_4)
FNDA:0,(anonymous_5)
FNDA:0,(anonymous_6)
FNDA:0,(anonymous_7)
FNDA:3,(anonymous_8)
DA:1,2
DA:3,2
DA:12,2
DA:14,2
DA:18,4
DA:19,4
DA:20,4
DA:21,4
DA:23,4
DA:24,1
DA:26,4
DA:27,1
DA:28,1
DA:30,1
DA:44,3
DA:51,3
DA:55,0
DA:57,0
DA:61,3
LF:19
LH:17
BRDA:26,0,0,1
BRDA:26,0,1,3
BRDA:36,1,0,1
BRDA:36,1,1,0
BRDA:37,2,0,1
BRDA:37,2,1,0
BRDA:38,3,0,1
BRDA:38,3,1,0
BRF:8
BRH:5
end_of_record
